Determining if the pthread_create exist failed with the following output:
Change Dir: /home/simonjeger/catkin_ws/src/flightmare/flightlib/cmake/CMakeFiles/CMakeTmp

Run Build Command:"/usr/bin/make" "cmTC_57dda/fast"
/usr/bin/make -f CMakeFiles/cmTC_57dda.dir/build.make CMakeFiles/cmTC_57dda.dir/build
make[1]: Entering directory '/home/simonjeger/catkin_ws/src/flightmare/flightlib/cmake/CMakeFiles/CMakeTmp'
Building C object CMakeFiles/cmTC_57dda.dir/CheckSymbolExists.c.o
/usr/bin/cc    -o CMakeFiles/cmTC_57dda.dir/CheckSymbolExists.c.o   -c /home/simonjeger/catkin_ws/src/flightmare/flightlib/cmake/CMakeFiles/CMakeTmp/CheckSymbolExists.c
Linking C executable cmTC_57dda
/usr/bin/cmake -E cmake_link_script CMakeFiles/cmTC_57dda.dir/link.txt --verbose=1
/usr/bin/cc      CMakeFiles/cmTC_57dda.dir/CheckSymbolExists.c.o  -o cmTC_57dda 
CMakeFiles/cmTC_57dda.dir/CheckSymbolExists.c.o: In function `main':
CheckSymbolExists.c:(.text+0x1b): undefined reference to `pthread_create'
collect2: error: ld returned 1 exit status
CMakeFiles/cmTC_57dda.dir/build.make:97: recipe for target 'cmTC_57dda' failed
make[1]: *** [cmTC_57dda] Error 1
make[1]: Leaving directory '/home/simonjeger/catkin_ws/src/flightmare/flightlib/cmake/CMakeFiles/CMakeTmp'
Makefile:126: recipe for target 'cmTC_57dda/fast' failed
make: *** [cmTC_57dda/fast] Error 2

File /home/simonjeger/catkin_ws/src/flightmare/flightlib/cmake/CMakeFiles/CMakeTmp/CheckSymbolExists.c:
/* */
#include <pthread.h>

int main(int argc, char** argv)
{
  (void)argv;
#ifndef pthread_create
  return ((int*)(&pthread_create))[argc];
#else
  (void)argc;
  return 0;
#endif
}

Determining if the function pthread_create exists in the pthreads failed with the following output:
Change Dir: /home/simonjeger/catkin_ws/src/flightmare/flightlib/cmake/CMakeFiles/CMakeTmp

Run Build Command:"/usr/bin/make" "cmTC_4fca0/fast"
/usr/bin/make -f CMakeFiles/cmTC_4fca0.dir/build.make CMakeFiles/cmTC_4fca0.dir/build
make[1]: Entering directory '/home/simonjeger/catkin_ws/src/flightmare/flightlib/cmake/CMakeFiles/CMakeTmp'
Building C object CMakeFiles/cmTC_4fca0.dir/CheckFunctionExists.c.o
/usr/bin/cc   -DCHECK_FUNCTION_EXISTS=pthread_create   -o CMakeFiles/cmTC_4fca0.dir/CheckFunctionExists.c.o   -c /usr/share/cmake-3.10/Modules/CheckFunctionExists.c
Linking C executable cmTC_4fca0
/usr/bin/cmake -E cmake_link_script CMakeFiles/cmTC_4fca0.dir/link.txt --verbose=1
/usr/bin/cc  -DCHECK_FUNCTION_EXISTS=pthread_create    CMakeFiles/cmTC_4fca0.dir/CheckFunctionExists.c.o  -o cmTC_4fca0 -lpthreads 
/usr/bin/ld: cannot find -lpthreads
collect2: error: ld returned 1 exit status
CMakeFiles/cmTC_4fca0.dir/build.make:97: recipe for target 'cmTC_4fca0' failed
make[1]: *** [cmTC_4fca0] Error 1
make[1]: Leaving directory '/home/simonjeger/catkin_ws/src/flightmare/flightlib/cmake/CMakeFiles/CMakeTmp'
Makefile:126: recipe for target 'cmTC_4fca0/fast' failed
make: *** [cmTC_4fca0/fast] Error 2


